\BOOKMARK [0][-]{chapter*.2}{Wstep}{}% 1
\BOOKMARK [0][-]{chapter.1}{Wprowadzenie}{}% 2
\BOOKMARK [1][-]{section.1.1}{Zagdanienia medyczne zwiazane z aplikacja}{chapter.1}% 3
\BOOKMARK [1][-]{section.1.2}{Podzia\233 prac}{chapter.1}% 4
\BOOKMARK [0][-]{chapter.2}{Stan wiedzy}{}% 5
\BOOKMARK [1][-]{section.2.1}{Przeglad istniejacych rozwiazan}{chapter.2}% 6
\BOOKMARK [2][-]{subsection.2.1.1}{Cornerstone}{section.2.1}% 7
\BOOKMARK [2][-]{subsection.2.1.2}{DICOM Web Viewer \(DWV\)}{section.2.1}% 8
\BOOKMARK [2][-]{subsection.2.1.3}{Dicom-contour}{section.2.1}% 9
\BOOKMARK [2][-]{subsection.2.1.4}{Orthanc}{section.2.1}% 10
\BOOKMARK [1][-]{section.2.2}{Proponowane rozwiazanie}{chapter.2}% 11
\BOOKMARK [0][-]{chapter.3}{Opis autorskiego systemu informatycznego}{}% 12
\BOOKMARK [1][-]{section.3.1}{Specyfikacja wymagan}{chapter.3}% 13
\BOOKMARK [2][-]{subsection.3.1.1}{Opis biznesowy}{section.3.1}% 14
\BOOKMARK [2][-]{subsection.3.1.2}{Wymagania funkcjonalne}{section.3.1}% 15
\BOOKMARK [2][-]{subsection.3.1.3}{Wymagania niefunkcjonalne}{section.3.1}% 16
\BOOKMARK [1][-]{section.3.2}{Architektura rozwiazania}{chapter.3}% 17
\BOOKMARK [1][-]{section.3.3}{Opracowany algorytm p\363\233automatyczny}{chapter.3}% 18
\BOOKMARK [2][-]{subsection.3.3.1}{Wykrycie krawedzi na bitmapie}{section.3.3}% 19
\BOOKMARK [2][-]{subsection.3.3.2}{Stworzenie grafu z bitmapy}{section.3.3}% 20
\BOOKMARK [2][-]{subsection.3.3.3}{Zapewnienie sp\363jnosci grafu}{section.3.3}% 21
\BOOKMARK [2][-]{subsection.3.3.4}{Wyszukanie najkr\363tszych sciezek w grafie}{section.3.3}% 22
\BOOKMARK [1][-]{section.3.4}{Modu\233 obliczen statystyk}{chapter.3}% 23
\BOOKMARK [0][-]{chapter.4}{Przeprowadzone eksperymenty}{}% 24
\BOOKMARK [1][-]{section.4.1}{Zbi\363r testowy}{chapter.4}% 25
\BOOKMARK [1][-]{section.4.2}{Wydajnosc algorytmu p\363\233automatycznego}{chapter.4}% 26
\BOOKMARK [1][-]{section.4.3}{Analiza wynik\363w i wnioski}{chapter.4}% 27
\BOOKMARK [0][-]{chapter.5}{Podsumowanie}{}% 28
\BOOKMARK [1][-]{section.5.1}{Napotkane problemy i ograniczenia}{chapter.5}% 29
\BOOKMARK [1][-]{section.5.2}{Mozliwosci dalszego rozwoju}{chapter.5}% 30
\BOOKMARK [0][-]{section*.4}{Bibliografia}{}% 31
\BOOKMARK [0][-]{chapter*.5}{Instrukcja instalacji}{}% 32
\BOOKMARK [0][-]{chapter*.6}{Instrukcja uzytkowania}{}% 33
\BOOKMARK [0][-]{chapter*.7}{Wykaz symboli i skr\363t\363w}{}% 34
\BOOKMARK [0][-]{chapter*.8}{Spis zawartosci za\233aczonej p\233yty CD}{}% 35
